2014/09/17 22:44:43 [error] [exception.CException] exception 'CException' with message 'HomeController cannot find the requested view "index".' in /var/www/git/repos/yii1/yii/framework/web/CController.php:878
Stack trace:
#0 /var/www/git/repos/yii1/yii/framework/web/CController.php(782): CController->renderPartial('index', NULL, true)
#1 /var/www/git/repos/yii1/vms/protected/controllers/HomeController.php(9): CController->render('index')
#2 /var/www/git/repos/yii1/yii/framework/web/actions/CInlineAction.php(49): HomeController->actionIndex()
#3 /var/www/git/repos/yii1/yii/framework/web/CController.php(308): CInlineAction->runWithParams(Array)
#4 /var/www/git/repos/yii1/yii/framework/web/CController.php(286): CController->runAction(Object(CInlineAction))
#5 /var/www/git/repos/yii1/yii/framework/web/CController.php(265): CController->runActionWithFilters(Object(CInlineAction), Array)
#6 /var/www/git/repos/yii1/yii/framework/web/CWebApplication.php(282): CController->run('')
#7 /var/www/git/repos/yii1/yii/framework/web/CWebApplication.php(141): CWebApplication->runController('')
#8 /var/www/git/repos/yii1/yii/framework/base/CApplication.php(184): CWebApplication->processRequest()
#9 /var/www/git/repos/yii1/vms/index-test.php(15): CApplication->run()
#10 {main}
REQUEST_URI=/vms/index-test.php?
---
2014/09/17 22:45:17 [error] [exception.CException] exception 'CException' with message 'HomeController cannot find the requested view "index".' in /var/www/git/repos/yii1/yii/framework/web/CController.php:878
Stack trace:
#0 /var/www/git/repos/yii1/yii/framework/web/CController.php(782): CController->renderPartial('index', NULL, true)
#1 /var/www/git/repos/yii1/vms/protected/controllers/HomeController.php(9): CController->render('index')
#2 /var/www/git/repos/yii1/yii/framework/web/actions/CInlineAction.php(49): HomeController->actionIndex()
#3 /var/www/git/repos/yii1/yii/framework/web/CController.php(308): CInlineAction->runWithParams(Array)
#4 /var/www/git/repos/yii1/yii/framework/web/CController.php(286): CController->runAction(Object(CInlineAction))
#5 /var/www/git/repos/yii1/yii/framework/web/CController.php(265): CController->runActionWithFilters(Object(CInlineAction), Array)
#6 /var/www/git/repos/yii1/yii/framework/web/CWebApplication.php(282): CController->run('')
#7 /var/www/git/repos/yii1/yii/framework/web/CWebApplication.php(141): CWebApplication->runController('')
#8 /var/www/git/repos/yii1/yii/framework/base/CApplication.php(184): CWebApplication->processRequest()
#9 /var/www/git/repos/yii1/vms/index-test.php(15): CApplication->run()
#10 {main}
REQUEST_URI=/vms/index-test.php?
---
2014/09/17 22:45:17 [error] [exception.CException] exception 'CException' with message 'HomeController cannot find the requested view "index".' in /var/www/git/repos/yii1/yii/framework/web/CController.php:878
Stack trace:
#0 /var/www/git/repos/yii1/yii/framework/web/CController.php(782): CController->renderPartial('index', NULL, true)
#1 /var/www/git/repos/yii1/vms/protected/controllers/HomeController.php(9): CController->render('index')
#2 /var/www/git/repos/yii1/yii/framework/web/actions/CInlineAction.php(49): HomeController->actionIndex()
#3 /var/www/git/repos/yii1/yii/framework/web/CController.php(308): CInlineAction->runWithParams(Array)
#4 /var/www/git/repos/yii1/yii/framework/web/CController.php(286): CController->runAction(Object(CInlineAction))
#5 /var/www/git/repos/yii1/yii/framework/web/CController.php(265): CController->runActionWithFilters(Object(CInlineAction), Array)
#6 /var/www/git/repos/yii1/yii/framework/web/CWebApplication.php(282): CController->run('')
#7 /var/www/git/repos/yii1/yii/framework/web/CWebApplication.php(141): CWebApplication->runController('')
#8 /var/www/git/repos/yii1/yii/framework/base/CApplication.php(184): CWebApplication->processRequest()
#9 /var/www/git/repos/yii1/vms/index-test.php(15): CApplication->run()
#10 {main}
REQUEST_URI=/vms/index-test.php?
---
2014/09/17 22:45:18 [error] [exception.CException] exception 'CException' with message 'HomeController cannot find the requested view "index".' in /var/www/git/repos/yii1/yii/framework/web/CController.php:878
Stack trace:
#0 /var/www/git/repos/yii1/yii/framework/web/CController.php(782): CController->renderPartial('index', NULL, true)
#1 /var/www/git/repos/yii1/vms/protected/controllers/HomeController.php(9): CController->render('index')
#2 /var/www/git/repos/yii1/yii/framework/web/actions/CInlineAction.php(49): HomeController->actionIndex()
#3 /var/www/git/repos/yii1/yii/framework/web/CController.php(308): CInlineAction->runWithParams(Array)
#4 /var/www/git/repos/yii1/yii/framework/web/CController.php(286): CController->runAction(Object(CInlineAction))
#5 /var/www/git/repos/yii1/yii/framework/web/CController.php(265): CController->runActionWithFilters(Object(CInlineAction), Array)
#6 /var/www/git/repos/yii1/yii/framework/web/CWebApplication.php(282): CController->run('')
#7 /var/www/git/repos/yii1/yii/framework/web/CWebApplication.php(141): CWebApplication->runController('')
#8 /var/www/git/repos/yii1/yii/framework/base/CApplication.php(184): CWebApplication->processRequest()
#9 /var/www/git/repos/yii1/vms/index-test.php(15): CApplication->run()
#10 {main}
REQUEST_URI=/vms/index-test.php?
---
2014/09/17 22:45:52 [error] [exception.CException] exception 'CException' with message 'HomeController cannot find the requested view "index".' in /var/www/git/repos/yii1/yii/framework/web/CController.php:878
Stack trace:
#0 /var/www/git/repos/yii1/yii/framework/web/CController.php(782): CController->renderPartial('index', NULL, true)
#1 /var/www/git/repos/yii1/vms/protected/controllers/HomeController.php(9): CController->render('index')
#2 /var/www/git/repos/yii1/yii/framework/web/actions/CInlineAction.php(49): HomeController->actionIndex()
#3 /var/www/git/repos/yii1/yii/framework/web/CController.php(308): CInlineAction->runWithParams(Array)
#4 /var/www/git/repos/yii1/yii/framework/web/CController.php(286): CController->runAction(Object(CInlineAction))
#5 /var/www/git/repos/yii1/yii/framework/web/CController.php(265): CController->runActionWithFilters(Object(CInlineAction), Array)
#6 /var/www/git/repos/yii1/yii/framework/web/CWebApplication.php(282): CController->run('')
#7 /var/www/git/repos/yii1/yii/framework/web/CWebApplication.php(141): CWebApplication->runController('')
#8 /var/www/git/repos/yii1/yii/framework/base/CApplication.php(184): CWebApplication->processRequest()
#9 /var/www/git/repos/yii1/vms/index-test.php(15): CApplication->run()
#10 {main}
REQUEST_URI=/vms/index-test.php?
---
2014/09/17 22:46:54 [error] [exception.CException] exception 'CException' with message 'HomeController cannot find the requested view "index".' in /var/www/git/repos/yii1/yii/framework/web/CController.php:878
Stack trace:
#0 /var/www/git/repos/yii1/yii/framework/web/CController.php(782): CController->renderPartial('index', NULL, true)
#1 /var/www/git/repos/yii1/vms/protected/controllers/HomeController.php(9): CController->render('index')
#2 /var/www/git/repos/yii1/yii/framework/web/actions/CInlineAction.php(49): HomeController->actionIndex()
#3 /var/www/git/repos/yii1/yii/framework/web/CController.php(308): CInlineAction->runWithParams(Array)
#4 /var/www/git/repos/yii1/yii/framework/web/CController.php(286): CController->runAction(Object(CInlineAction))
#5 /var/www/git/repos/yii1/yii/framework/web/CController.php(265): CController->runActionWithFilters(Object(CInlineAction), Array)
#6 /var/www/git/repos/yii1/yii/framework/web/CWebApplication.php(282): CController->run('')
#7 /var/www/git/repos/yii1/yii/framework/web/CWebApplication.php(141): CWebApplication->runController('')
#8 /var/www/git/repos/yii1/yii/framework/base/CApplication.php(184): CWebApplication->processRequest()
#9 /var/www/git/repos/yii1/vms/index-test.php(15): CApplication->run()
#10 {main}
REQUEST_URI=/vms/index-test.php?
---
2014/09/17 22:50:26 [error] [exception.CException] exception 'CException' with message 'HomeController cannot find the requested view "index".' in /var/www/git/repos/yii1/yii/framework/web/CController.php:878
Stack trace:
#0 /var/www/git/repos/yii1/yii/framework/web/CController.php(782): CController->renderPartial('index', NULL, true)
#1 /var/www/git/repos/yii1/vms/protected/controllers/HomeController.php(9): CController->render('index')
#2 /var/www/git/repos/yii1/yii/framework/web/actions/CInlineAction.php(49): HomeController->actionIndex()
#3 /var/www/git/repos/yii1/yii/framework/web/CController.php(308): CInlineAction->runWithParams(Array)
#4 /var/www/git/repos/yii1/yii/framework/web/CController.php(286): CController->runAction(Object(CInlineAction))
#5 /var/www/git/repos/yii1/yii/framework/web/CController.php(265): CController->runActionWithFilters(Object(CInlineAction), Array)
#6 /var/www/git/repos/yii1/yii/framework/web/CWebApplication.php(282): CController->run('')
#7 /var/www/git/repos/yii1/yii/framework/web/CWebApplication.php(141): CWebApplication->runController('')
#8 /var/www/git/repos/yii1/yii/framework/base/CApplication.php(184): CWebApplication->processRequest()
#9 /var/www/git/repos/yii1/vms/index-test.php(15): CApplication->run()
#10 {main}
REQUEST_URI=/vms/index-test.php?
---
2014/09/17 22:50:39 [error] [php] Object of class CTheme could not be converted to string (/var/www/git/repos/yii1/yii/framework/web/CController.php:586)
Stack trace:
#0 /var/www/git/repos/yii1/vms/protected/controllers/HomeController.php(9): HomeController->render()
#1 /var/www/git/repos/yii1/yii/framework/web/actions/CInlineAction.php(49): HomeController->actionIndex()
#2 /var/www/git/repos/yii1/yii/framework/web/CController.php(308): CInlineAction->runWithParams()
#3 /var/www/git/repos/yii1/yii/framework/web/CController.php(286): HomeController->runAction()
#4 /var/www/git/repos/yii1/yii/framework/web/CController.php(265): HomeController->runActionWithFilters()
#5 /var/www/git/repos/yii1/yii/framework/web/CWebApplication.php(282): HomeController->run()
#6 /var/www/git/repos/yii1/yii/framework/web/CWebApplication.php(141): CWebApplication->runController()
#7 /var/www/git/repos/yii1/yii/framework/base/CApplication.php(184): CWebApplication->processRequest()
#8 /var/www/git/repos/yii1/vms/index-test.php(15): CWebApplication->run()
REQUEST_URI=/vms/index-test.php?
2014/09/17 23:01:45 [error] [exception.CException] exception 'CException' with message 'HomeController cannot find the requested view "index".' in /var/www/git/repos/yii1/yii/framework/web/CController.php:878
Stack trace:
#0 /var/www/git/repos/yii1/yii/framework/web/CController.php(782): CController->renderPartial('index', NULL, true)
#1 /var/www/git/repos/yii1/vms/protected/controllers/HomeController.php(9): CController->render('index')
#2 /var/www/git/repos/yii1/yii/framework/web/actions/CInlineAction.php(49): HomeController->actionIndex()
#3 /var/www/git/repos/yii1/yii/framework/web/CController.php(308): CInlineAction->runWithParams(Array)
#4 /var/www/git/repos/yii1/yii/framework/web/CController.php(286): CController->runAction(Object(CInlineAction))
#5 /var/www/git/repos/yii1/yii/framework/web/CController.php(265): CController->runActionWithFilters(Object(CInlineAction), Array)
#6 /var/www/git/repos/yii1/yii/framework/web/CWebApplication.php(282): CController->run('')
#7 /var/www/git/repos/yii1/yii/framework/web/CWebApplication.php(141): CWebApplication->runController('')
#8 /var/www/git/repos/yii1/yii/framework/base/CApplication.php(184): CWebApplication->processRequest()
#9 /var/www/git/repos/yii1/vms/index-test.php(15): CApplication->run()
#10 {main}
REQUEST_URI=/vms/index-test.php?
---
2014/09/17 23:02:27 [error] [exception.CException] exception 'CException' with message 'HomeController cannot find the requested view "index".' in /var/www/git/repos/yii1/yii/framework/web/CController.php:878
Stack trace:
#0 /var/www/git/repos/yii1/yii/framework/web/CController.php(782): CController->renderPartial('index', NULL, true)
#1 /var/www/git/repos/yii1/vms/protected/controllers/HomeController.php(10): CController->render('index')
#2 /var/www/git/repos/yii1/yii/framework/web/actions/CInlineAction.php(49): HomeController->actionIndex()
#3 /var/www/git/repos/yii1/yii/framework/web/CController.php(308): CInlineAction->runWithParams(Array)
#4 /var/www/git/repos/yii1/yii/framework/web/CController.php(286): CController->runAction(Object(CInlineAction))
#5 /var/www/git/repos/yii1/yii/framework/web/CController.php(265): CController->runActionWithFilters(Object(CInlineAction), Array)
#6 /var/www/git/repos/yii1/yii/framework/web/CWebApplication.php(282): CController->run('')
#7 /var/www/git/repos/yii1/yii/framework/web/CWebApplication.php(141): CWebApplication->runController('')
#8 /var/www/git/repos/yii1/yii/framework/base/CApplication.php(184): CWebApplication->processRequest()
#9 /var/www/git/repos/yii1/vms/index-test.php(15): CApplication->run()
#10 {main}
REQUEST_URI=/vms/index-test.php?
---
2014/09/17 23:02:59 [error] [exception.CException] exception 'CException' with message 'HomeController cannot find the requested view "index".' in /var/www/git/repos/yii1/yii/framework/web/CController.php:878
Stack trace:
#0 /var/www/git/repos/yii1/yii/framework/web/CController.php(782): CController->renderPartial('index', NULL, true)
#1 /var/www/git/repos/yii1/vms/protected/controllers/HomeController.php(10): CController->render('index')
#2 /var/www/git/repos/yii1/yii/framework/web/actions/CInlineAction.php(49): HomeController->actionIndex()
#3 /var/www/git/repos/yii1/yii/framework/web/CController.php(308): CInlineAction->runWithParams(Array)
#4 /var/www/git/repos/yii1/yii/framework/web/CController.php(286): CController->runAction(Object(CInlineAction))
#5 /var/www/git/repos/yii1/yii/framework/web/CController.php(265): CController->runActionWithFilters(Object(CInlineAction), Array)
#6 /var/www/git/repos/yii1/yii/framework/web/CWebApplication.php(282): CController->run('')
#7 /var/www/git/repos/yii1/yii/framework/web/CWebApplication.php(141): CWebApplication->runController('')
#8 /var/www/git/repos/yii1/yii/framework/base/CApplication.php(184): CWebApplication->processRequest()
#9 /var/www/git/repos/yii1/vms/index-test.php(15): CApplication->run()
#10 {main}
REQUEST_URI=/vms/index-test.php?
---
2014/09/17 23:15:26 [error] [php] Use of undefined constant output - assumed 'output' (/var/www/git/repos/yii1/yii/framework/web/CController.php:783)
Stack trace:
#0 /var/www/git/repos/yii1/yii/framework/web/CController.php(308): CInlineAction->runWithParams()
#1 /var/www/git/repos/yii1/yii/framework/web/CController.php(286): HomeController->runAction()
#2 /var/www/git/repos/yii1/yii/framework/web/CController.php(265): HomeController->runActionWithFilters()
#3 /var/www/git/repos/yii1/yii/framework/web/CWebApplication.php(282): HomeController->run()
#4 /var/www/git/repos/yii1/yii/framework/web/CWebApplication.php(141): CWebApplication->runController()
#5 /var/www/git/repos/yii1/yii/framework/base/CApplication.php(184): CWebApplication->processRequest()
#6 /var/www/git/repos/yii1/vms/index-test.php(15): CWebApplication->run()
REQUEST_URI=/vms/index-test.php?
2014/09/17 23:16:09 [error] [php] require(): Filename cannot be empty (/var/www/git/repos/yii1/yii/framework/web/CBaseController.php:126)
Stack trace:
#0 /var/www/git/repos/yii1/yii/framework/web/CController.php(785): HomeController->renderFile()
#1 /var/www/git/repos/yii1/vms/protected/controllers/HomeController.php(9): HomeController->render()
#2 /var/www/git/repos/yii1/yii/framework/web/actions/CInlineAction.php(49): HomeController->actionIndex()
#3 /var/www/git/repos/yii1/yii/framework/web/CController.php(308): CInlineAction->runWithParams()
#4 /var/www/git/repos/yii1/yii/framework/web/CController.php(286): HomeController->runAction()
#5 /var/www/git/repos/yii1/yii/framework/web/CController.php(265): HomeController->runActionWithFilters()
#6 /var/www/git/repos/yii1/yii/framework/web/CWebApplication.php(282): HomeController->run()
#7 /var/www/git/repos/yii1/yii/framework/web/CWebApplication.php(141): CWebApplication->runController()
#8 /var/www/git/repos/yii1/yii/framework/base/CApplication.php(184): CWebApplication->processRequest()
#9 /var/www/git/repos/yii1/vms/index-test.php(15): CWebApplication->run()
REQUEST_URI=/vms/index-test.php?
2014/09/17 23:26:20 [error] [php] Missing argument 1 for CController::getLayoutFile(), called in /var/www/git/repos/yii1/vms/themes/metronic/views/home/index.php on line 15 and defined (/var/www/git/repos/yii1/yii/framework/web/CController.php:633)
Stack trace:
#0 /var/www/git/repos/yii1/yii/framework/web/CBaseController.php(95): HomeController->renderInternal()
#1 /var/www/git/repos/yii1/yii/framework/web/CController.php(869): HomeController->renderFile()
#2 /var/www/git/repos/yii1/yii/framework/web/CController.php(782): HomeController->renderPartial()
#3 /var/www/git/repos/yii1/vms/protected/controllers/HomeController.php(9): HomeController->render()
#4 /var/www/git/repos/yii1/yii/framework/web/actions/CInlineAction.php(49): HomeController->actionIndex()
#5 /var/www/git/repos/yii1/yii/framework/web/CController.php(308): CInlineAction->runWithParams()
#6 /var/www/git/repos/yii1/yii/framework/web/CController.php(286): HomeController->runAction()
#7 /var/www/git/repos/yii1/yii/framework/web/CController.php(265): HomeController->runActionWithFilters()
#8 /var/www/git/repos/yii1/yii/framework/web/CWebApplication.php(282): HomeController->run()
#9 /var/www/git/repos/yii1/yii/framework/web/CWebApplication.php(141): CWebApplication->runController()
#10 /var/www/git/repos/yii1/yii/framework/base/CApplication.php(184): CWebApplication->processRequest()
#11 /var/www/git/repos/yii1/vms/index-test.php(15): CWebApplication->run()
REQUEST_URI=/vms/index-test.php?
2014/09/17 23:42:22 [error] [php] Undefined variable: theme (/var/www/git/repos/yii1/yii/framework/web/CController.php:635)
Stack trace:
#0 /var/www/git/repos/yii1/yii/framework/web/CBaseController.php(95): HomeController->renderInternal()
#1 /var/www/git/repos/yii1/yii/framework/web/CController.php(871): HomeController->renderFile()
#2 /var/www/git/repos/yii1/yii/framework/web/CController.php(784): HomeController->renderPartial()
#3 /var/www/git/repos/yii1/vms/protected/controllers/HomeController.php(9): HomeController->render()
#4 /var/www/git/repos/yii1/yii/framework/web/actions/CInlineAction.php(49): HomeController->actionIndex()
#5 /var/www/git/repos/yii1/yii/framework/web/CController.php(308): CInlineAction->runWithParams()
#6 /var/www/git/repos/yii1/yii/framework/web/CController.php(286): HomeController->runAction()
#7 /var/www/git/repos/yii1/yii/framework/web/CController.php(265): HomeController->runActionWithFilters()
#8 /var/www/git/repos/yii1/yii/framework/web/CWebApplication.php(282): HomeController->run()
#9 /var/www/git/repos/yii1/yii/framework/web/CWebApplication.php(141): CWebApplication->runController()
#10 /var/www/git/repos/yii1/yii/framework/base/CApplication.php(184): CWebApplication->processRequest()
#11 /var/www/git/repos/yii1/vms/index.php(13): CWebApplication->run()
REQUEST_URI=/vms/index.php?
in /var/www/git/repos/yii1/vms/themes/metronic/views/home/index.php (14)
in /var/www/git/repos/yii1/vms/protected/controllers/HomeController.php (9)
in /var/www/git/repos/yii1/vms/index.php (13)
